D:\IMAGE_PROJECT\PROJECT\THRESHOLDING\THRESHOLDING\X64\DEBUG\MAIN.OBJ
D:\IMAGE_PROJECT\PROJECT\THRESHOLDING\THRESHOLDING\X64\DEBUG\VC110.PDB
D:\IMAGE_PROJECT\PROJECT\THRESHOLDING\X64\DEBUG\THRESHOLDING.ILK
D:\IMAGE_PROJECT\PROJECT\THRESHOLDING\X64\DEBUG\THRESHOLDING.EXE
D:\IMAGE_PROJECT\PROJECT\THRESHOLDING\X64\DEBUG\THRESHOLDING.PDB
D:\Image_Project\Project\Thresholding\Thresholding\x64\Debug\main.obj
D:\Image_Project\Project\Thresholding\Thresholding\x64\Debug\cl.command.1.tlog
D:\Image_Project\Project\Thresholding\Thresholding\x64\Debug\CL.read.1.tlog
D:\Image_Project\Project\Thresholding\Thresholding\x64\Debug\CL.write.1.tlog
D:\Image_Project\Project\Thresholding\Thresholding\x64\Debug\link-cvtres.read.1.tlog
D:\Image_Project\Project\Thresholding\Thresholding\x64\Debug\link-cvtres.write.1.tlog
D:\Image_Project\Project\Thresholding\Thresholding\x64\Debug\link-rc.read.1.tlog
D:\Image_Project\Project\Thresholding\Thresholding\x64\Debug\link-rc.write.1.tlog
D:\Image_Project\Project\Thresholding\Thresholding\x64\Debug\link.command.1.tlog
D:\Image_Project\Project\Thresholding\Thresholding\x64\Debug\link.read.1.tlog
D:\Image_Project\Project\Thresholding\Thresholding\x64\Debug\link.write.1.tlog
D:\Image_Project\Project\Thresholding\Thresholding\x64\Debug\vc110.idb
D:\Image_Project\Project\Thresholding\Thresholding\x64\Debug\vc110.pdb
D:\Image_Project\Project\Thresholding\x64\Debug\Thresholding.pdb
D:\Image_Project\Project\Thresholding\x64\Debug\Thresholding.exe
D:\Image_Project\Project\Thresholding\x64\Debug\Thresholding.ilk
